2018-11-21 15:28:39.252 nodejs.ErrorException: Error: error
    at Object.<anonymous> (/Users/wangmeng/Desktop/somegithub/koa-mongo-server/bin/app.js:48:14)
    at Module._compile (module.js:652:30)
    at loader (/Users/wangmeng/Desktop/somegithub/koa-mongo-server/node_modules/babel-register/lib/node.js:144:5)
    at Object.require.extensions.(anonymous function) [as .js] (/Users/wangmeng/Desktop/somegithub/koa-mongo-server/node_modules/babel-register/lib/node.js:154:7)
    at Module.load (module.js:565:32)
    at tryModuleLoad (module.js:505:12)
    at Function.Module._load (module.js:497:3)
    at Module.require (module.js:596:17)
    at require (internal/module.js:11:18)
    at Object.<anonymous> (/Users/wangmeng/Desktop/somegithub/koa-mongo-server/index.js:2:1)
    at Module._compile (module.js:652:30)
    at Object.Module._extensions..js (module.js:663:10)
    at Module.load (module.js:565:32)
    at tryModuleLoad (module.js:505:12)
    at Function.Module._load (module.js:497:3)
    at Function.Module.runMain (module.js:693:10)
pid: 3848
Host: biubiubiu.local
URL: 
Data: ''
2018-11-21 15:28:39.252

2018-11-21 15:39:39.112 nodejs.ErrorException: Error: error
    at Object.<anonymous> (/Users/wangmeng/Desktop/somegithub/koa-mongo-server/bin/app.js:48:14)
    at Module._compile (module.js:652:30)
    at loader (/Users/wangmeng/Desktop/somegithub/koa-mongo-server/node_modules/babel-register/lib/node.js:144:5)
    at Object.require.extensions.(anonymous function) [as .js] (/Users/wangmeng/Desktop/somegithub/koa-mongo-server/node_modules/babel-register/lib/node.js:154:7)
    at Module.load (module.js:565:32)
    at tryModuleLoad (module.js:505:12)
    at Function.Module._load (module.js:497:3)
    at Module.require (module.js:596:17)
    at require (internal/module.js:11:18)
    at Object.<anonymous> (/Users/wangmeng/Desktop/somegithub/koa-mongo-server/index.js:2:1)
    at Module._compile (module.js:652:30)
    at Object.Module._extensions..js (module.js:663:10)
    at Module.load (module.js:565:32)
    at tryModuleLoad (module.js:505:12)
    at Function.Module._load (module.js:497:3)
    at Function.Module.runMain (module.js:693:10)
pid: 4044
Host: biubiubiu.local
URL: 
Data: ''
2018-11-21 15:39:39.112

2018-11-21 15:42:53.337 nodejs.ErrorException: Error: error
    at Object.<anonymous> (/Users/wangmeng/Desktop/somegithub/koa-mongo-server/bin/app.js:48:14)
    at Module._compile (module.js:652:30)
    at loader (/Users/wangmeng/Desktop/somegithub/koa-mongo-server/node_modules/babel-register/lib/node.js:144:5)
    at Object.require.extensions.(anonymous function) [as .js] (/Users/wangmeng/Desktop/somegithub/koa-mongo-server/node_modules/babel-register/lib/node.js:154:7)
    at Module.load (module.js:565:32)
    at tryModuleLoad (module.js:505:12)
    at Function.Module._load (module.js:497:3)
    at Module.require (module.js:596:17)
    at require (internal/module.js:11:18)
    at Object.<anonymous> (/Users/wangmeng/Desktop/somegithub/koa-mongo-server/index.js:2:1)
    at Module._compile (module.js:652:30)
    at Object.Module._extensions..js (module.js:663:10)
    at Module.load (module.js:565:32)
    at tryModuleLoad (module.js:505:12)
    at Function.Module._load (module.js:497:3)
    at Function.Module.runMain (module.js:693:10)
pid: 4220
Host: biubiubiu.local
URL: 
Data: ''
2018-11-21 15:42:53.337

2018-11-21 15:43:39.293 nodejs.ErrorException: Error: error
    at Object.<anonymous> (/Users/wangmeng/Desktop/somegithub/koa-mongo-server/bin/app.js:48:14)
    at Module._compile (module.js:652:30)
    at loader (/Users/wangmeng/Desktop/somegithub/koa-mongo-server/node_modules/babel-register/lib/node.js:144:5)
    at Object.require.extensions.(anonymous function) [as .js] (/Users/wangmeng/Desktop/somegithub/koa-mongo-server/node_modules/babel-register/lib/node.js:154:7)
    at Module.load (module.js:565:32)
    at tryModuleLoad (module.js:505:12)
    at Function.Module._load (module.js:497:3)
    at Module.require (module.js:596:17)
    at require (internal/module.js:11:18)
    at Object.<anonymous> (/Users/wangmeng/Desktop/somegithub/koa-mongo-server/index.js:2:1)
    at Module._compile (module.js:652:30)
    at Object.Module._extensions..js (module.js:663:10)
    at Module.load (module.js:565:32)
    at tryModuleLoad (module.js:505:12)
    at Function.Module._load (module.js:497:3)
    at Function.Module.runMain (module.js:693:10)
pid: 4233
Host: biubiubiu.local
URL: 
Data: ''
2018-11-21 15:43:39.293

2018-11-21 15:44:34.515 nodejs.ErrorException: Error: error
    at Object.<anonymous> (/Users/wangmeng/Desktop/somegithub/koa-mongo-server/bin/app.js:48:14)
    at Module._compile (module.js:652:30)
    at loader (/Users/wangmeng/Desktop/somegithub/koa-mongo-server/node_modules/babel-register/lib/node.js:144:5)
    at Object.require.extensions.(anonymous function) [as .js] (/Users/wangmeng/Desktop/somegithub/koa-mongo-server/node_modules/babel-register/lib/node.js:154:7)
    at Module.load (module.js:565:32)
    at tryModuleLoad (module.js:505:12)
    at Function.Module._load (module.js:497:3)
    at Module.require (module.js:596:17)
    at require (internal/module.js:11:18)
    at Object.<anonymous> (/Users/wangmeng/Desktop/somegithub/koa-mongo-server/index.js:2:1)
    at Module._compile (module.js:652:30)
    at Object.Module._extensions..js (module.js:663:10)
    at Module.load (module.js:565:32)
    at tryModuleLoad (module.js:505:12)
    at Function.Module._load (module.js:497:3)
    at Function.Module.runMain (module.js:693:10)
pid: 4246
Host: biubiubiu.local
URL: 
Data: ''
2018-11-21 15:44:34.515

2018-11-21 15:44:44.522 nodejs.ErrorException: Error: error
    at Object.<anonymous> (/Users/wangmeng/Desktop/somegithub/koa-mongo-server/bin/app.js:48:14)
    at Module._compile (module.js:652:30)
    at loader (/Users/wangmeng/Desktop/somegithub/koa-mongo-server/node_modules/babel-register/lib/node.js:144:5)
    at Object.require.extensions.(anonymous function) [as .js] (/Users/wangmeng/Desktop/somegithub/koa-mongo-server/node_modules/babel-register/lib/node.js:154:7)
    at Module.load (module.js:565:32)
    at tryModuleLoad (module.js:505:12)
    at Function.Module._load (module.js:497:3)
    at Module.require (module.js:596:17)
    at require (internal/module.js:11:18)
    at Object.<anonymous> (/Users/wangmeng/Desktop/somegithub/koa-mongo-server/index.js:2:1)
    at Module._compile (module.js:652:30)
    at Object.Module._extensions..js (module.js:663:10)
    at Module.load (module.js:565:32)
    at tryModuleLoad (module.js:505:12)
    at Function.Module._load (module.js:497:3)
    at Function.Module.runMain (module.js:693:10)
pid: 4254
Host: biubiubiu.local
URL: 
Data: ''
2018-11-21 15:44:44.522

2018-11-21 15:45:17.561 nodejs.ErrorException: Error: error
    at Object.<anonymous> (/Users/wangmeng/Desktop/somegithub/koa-mongo-server/bin/app.js:48:14)
    at Module._compile (module.js:652:30)
    at loader (/Users/wangmeng/Desktop/somegithub/koa-mongo-server/node_modules/babel-register/lib/node.js:144:5)
    at Object.require.extensions.(anonymous function) [as .js] (/Users/wangmeng/Desktop/somegithub/koa-mongo-server/node_modules/babel-register/lib/node.js:154:7)
    at Module.load (module.js:565:32)
    at tryModuleLoad (module.js:505:12)
    at Function.Module._load (module.js:497:3)
    at Module.require (module.js:596:17)
    at require (internal/module.js:11:18)
    at Object.<anonymous> (/Users/wangmeng/Desktop/somegithub/koa-mongo-server/index.js:2:1)
    at Module._compile (module.js:652:30)
    at Object.Module._extensions..js (module.js:663:10)
    at Module.load (module.js:565:32)
    at tryModuleLoad (module.js:505:12)
    at Function.Module._load (module.js:497:3)
    at Function.Module.runMain (module.js:693:10)
pid: 4256
Host: biubiubiu.local
URL: 
Data: ''
2018-11-21 15:45:17.561

2018-11-21 15:45:35.629 nodejs.ErrorException: Error: error
    at Object.<anonymous> (/Users/wangmeng/Desktop/somegithub/koa-mongo-server/bin/app.js:48:14)
    at Module._compile (module.js:652:30)
    at loader (/Users/wangmeng/Desktop/somegithub/koa-mongo-server/node_modules/babel-register/lib/node.js:144:5)
    at Object.require.extensions.(anonymous function) [as .js] (/Users/wangmeng/Desktop/somegithub/koa-mongo-server/node_modules/babel-register/lib/node.js:154:7)
    at Module.load (module.js:565:32)
    at tryModuleLoad (module.js:505:12)
    at Function.Module._load (module.js:497:3)
    at Module.require (module.js:596:17)
    at require (internal/module.js:11:18)
    at Object.<anonymous> (/Users/wangmeng/Desktop/somegithub/koa-mongo-server/index.js:2:1)
    at Module._compile (module.js:652:30)
    at Object.Module._extensions..js (module.js:663:10)
    at Module.load (module.js:565:32)
    at tryModuleLoad (module.js:505:12)
    at Function.Module._load (module.js:497:3)
    at Function.Module.runMain (module.js:693:10)
pid: 4269
Host: biubiubiu.local
URL: 
Data: ''
2018-11-21 15:45:35.629

2018-11-21 15:45:59.674 nodejs.ErrorException: Error: error
    at Object.<anonymous> (/Users/wangmeng/Desktop/somegithub/koa-mongo-server/bin/app.js:48:14)
    at Module._compile (module.js:652:30)
    at loader (/Users/wangmeng/Desktop/somegithub/koa-mongo-server/node_modules/babel-register/lib/node.js:144:5)
    at Object.require.extensions.(anonymous function) [as .js] (/Users/wangmeng/Desktop/somegithub/koa-mongo-server/node_modules/babel-register/lib/node.js:154:7)
    at Module.load (module.js:565:32)
    at tryModuleLoad (module.js:505:12)
    at Function.Module._load (module.js:497:3)
    at Module.require (module.js:596:17)
    at require (internal/module.js:11:18)
    at Object.<anonymous> (/Users/wangmeng/Desktop/somegithub/koa-mongo-server/index.js:2:1)
    at Module._compile (module.js:652:30)
    at Object.Module._extensions..js (module.js:663:10)
    at Module.load (module.js:565:32)
    at tryModuleLoad (module.js:505:12)
    at Function.Module._load (module.js:497:3)
    at Function.Module.runMain (module.js:693:10)
pid: 4271
Host: biubiubiu.local
URL: 
Data: ''
2018-11-21 15:45:59.674

2018-11-21 15:47:55.164 nodejs.ErrorException: Error: error
    at Object.<anonymous> (/Users/wangmeng/Desktop/somegithub/koa-mongo-server/bin/app.js:48:14)
    at Module._compile (module.js:652:30)
    at loader (/Users/wangmeng/Desktop/somegithub/koa-mongo-server/node_modules/babel-register/lib/node.js:144:5)
    at Object.require.extensions.(anonymous function) [as .js] (/Users/wangmeng/Desktop/somegithub/koa-mongo-server/node_modules/babel-register/lib/node.js:154:7)
    at Module.load (module.js:565:32)
    at tryModuleLoad (module.js:505:12)
    at Function.Module._load (module.js:497:3)
    at Module.require (module.js:596:17)
    at require (internal/module.js:11:18)
    at Object.<anonymous> (/Users/wangmeng/Desktop/somegithub/koa-mongo-server/index.js:2:1)
    at Module._compile (module.js:652:30)
    at Object.Module._extensions..js (module.js:663:10)
    at Module.load (module.js:565:32)
    at tryModuleLoad (module.js:505:12)
    at Function.Module._load (module.js:497:3)
    at Function.Module.runMain (module.js:693:10)
pid: 4274
Host: biubiubiu.local
URL: 
Data: ''
2018-11-21 15:47:55.164

2018-11-21 15:48:56.161 nodejs.ErrorException: Error: error
    at Object.<anonymous> (/Users/wangmeng/Desktop/somegithub/koa-mongo-server/bin/app.js:48:14)
    at Module._compile (module.js:652:30)
    at loader (/Users/wangmeng/Desktop/somegithub/koa-mongo-server/node_modules/babel-register/lib/node.js:144:5)
    at Object.require.extensions.(anonymous function) [as .js] (/Users/wangmeng/Desktop/somegithub/koa-mongo-server/node_modules/babel-register/lib/node.js:154:7)
    at Module.load (module.js:565:32)
    at tryModuleLoad (module.js:505:12)
    at Function.Module._load (module.js:497:3)
    at Module.require (module.js:596:17)
    at require (internal/module.js:11:18)
    at Object.<anonymous> (/Users/wangmeng/Desktop/somegithub/koa-mongo-server/index.js:2:1)
    at Module._compile (module.js:652:30)
    at Object.Module._extensions..js (module.js:663:10)
    at Module.load (module.js:565:32)
    at tryModuleLoad (module.js:505:12)
    at Function.Module._load (module.js:497:3)
    at Function.Module.runMain (module.js:693:10)
pid: 4278
Host: biubiubiu.local
URL: 
Data: ''
2018-11-21 15:48:56.161

2018-11-21 15:49:20.199 nodejs.ErrorException: Error: error
    at Object.<anonymous> (/Users/wangmeng/Desktop/somegithub/koa-mongo-server/bin/app.js:48:14)
    at Module._compile (module.js:652:30)
    at loader (/Users/wangmeng/Desktop/somegithub/koa-mongo-server/node_modules/babel-register/lib/node.js:144:5)
    at Object.require.extensions.(anonymous function) [as .js] (/Users/wangmeng/Desktop/somegithub/koa-mongo-server/node_modules/babel-register/lib/node.js:154:7)
    at Module.load (module.js:565:32)
    at tryModuleLoad (module.js:505:12)
    at Function.Module._load (module.js:497:3)
    at Module.require (module.js:596:17)
    at require (internal/module.js:11:18)
    at Object.<anonymous> (/Users/wangmeng/Desktop/somegithub/koa-mongo-server/index.js:2:1)
    at Module._compile (module.js:652:30)
    at Object.Module._extensions..js (module.js:663:10)
    at Module.load (module.js:565:32)
    at tryModuleLoad (module.js:505:12)
    at Function.Module._load (module.js:497:3)
    at Function.Module.runMain (module.js:693:10)
pid: 4287
Host: biubiubiu.local
URL: 
Data: ''
2018-11-21 15:49:20.199

2018-11-21 15:49:40.245 nodejs.ErrorException: Error: error
    at Object.<anonymous> (/Users/wangmeng/Desktop/somegithub/koa-mongo-server/bin/app.js:48:14)
    at Module._compile (module.js:652:30)
    at loader (/Users/wangmeng/Desktop/somegithub/koa-mongo-server/node_modules/babel-register/lib/node.js:144:5)
    at Object.require.extensions.(anonymous function) [as .js] (/Users/wangmeng/Desktop/somegithub/koa-mongo-server/node_modules/babel-register/lib/node.js:154:7)
    at Module.load (module.js:565:32)
    at tryModuleLoad (module.js:505:12)
    at Function.Module._load (module.js:497:3)
    at Module.require (module.js:596:17)
    at require (internal/module.js:11:18)
    at Object.<anonymous> (/Users/wangmeng/Desktop/somegithub/koa-mongo-server/index.js:2:1)
    at Module._compile (module.js:652:30)
    at Object.Module._extensions..js (module.js:663:10)
    at Module.load (module.js:565:32)
    at tryModuleLoad (module.js:505:12)
    at Function.Module._load (module.js:497:3)
    at Function.Module.runMain (module.js:693:10)
pid: 4289
Host: biubiubiu.local
URL: 
Data: ''
2018-11-21 15:49:40.245

2018-11-21 15:49:52.253 nodejs.ErrorException: Error: error
    at Object.<anonymous> (/Users/wangmeng/Desktop/somegithub/koa-mongo-server/bin/app.js:48:14)
    at Module._compile (module.js:652:30)
    at loader (/Users/wangmeng/Desktop/somegithub/koa-mongo-server/node_modules/babel-register/lib/node.js:144:5)
    at Object.require.extensions.(anonymous function) [as .js] (/Users/wangmeng/Desktop/somegithub/koa-mongo-server/node_modules/babel-register/lib/node.js:154:7)
    at Module.load (module.js:565:32)
    at tryModuleLoad (module.js:505:12)
    at Function.Module._load (module.js:497:3)
    at Module.require (module.js:596:17)
    at require (internal/module.js:11:18)
    at Object.<anonymous> (/Users/wangmeng/Desktop/somegithub/koa-mongo-server/index.js:2:1)
    at Module._compile (module.js:652:30)
    at Object.Module._extensions..js (module.js:663:10)
    at Module.load (module.js:565:32)
    at tryModuleLoad (module.js:505:12)
    at Function.Module._load (module.js:497:3)
    at Function.Module.runMain (module.js:693:10)
pid: 4291
Host: biubiubiu.local
URL: 
Data: ''
2018-11-21 15:49:52.253

2018-11-21 15:50:10.338 nodejs.ErrorException: Error: error
    at Object.<anonymous> (/Users/wangmeng/Desktop/somegithub/koa-mongo-server/bin/app.js:48:14)
    at Module._compile (module.js:652:30)
    at loader (/Users/wangmeng/Desktop/somegithub/koa-mongo-server/node_modules/babel-register/lib/node.js:144:5)
    at Object.require.extensions.(anonymous function) [as .js] (/Users/wangmeng/Desktop/somegithub/koa-mongo-server/node_modules/babel-register/lib/node.js:154:7)
    at Module.load (module.js:565:32)
    at tryModuleLoad (module.js:505:12)
    at Function.Module._load (module.js:497:3)
    at Module.require (module.js:596:17)
    at require (internal/module.js:11:18)
    at Object.<anonymous> (/Users/wangmeng/Desktop/somegithub/koa-mongo-server/index.js:2:1)
    at Module._compile (module.js:652:30)
    at Object.Module._extensions..js (module.js:663:10)
    at Module.load (module.js:565:32)
    at tryModuleLoad (module.js:505:12)
    at Function.Module._load (module.js:497:3)
    at Function.Module.runMain (module.js:693:10)
pid: 4293
Host: biubiubiu.local
URL: 
Data: ''
2018-11-21 15:50:10.338

2018-11-21 15:51:11.481 nodejs.ErrorException: Error: error
    at Object.<anonymous> (/Users/wangmeng/Desktop/somegithub/koa-mongo-server/bin/app.js:48:14)
    at Module._compile (module.js:652:30)
    at loader (/Users/wangmeng/Desktop/somegithub/koa-mongo-server/node_modules/babel-register/lib/node.js:144:5)
    at Object.require.extensions.(anonymous function) [as .js] (/Users/wangmeng/Desktop/somegithub/koa-mongo-server/node_modules/babel-register/lib/node.js:154:7)
    at Module.load (module.js:565:32)
    at tryModuleLoad (module.js:505:12)
    at Function.Module._load (module.js:497:3)
    at Module.require (module.js:596:17)
    at require (internal/module.js:11:18)
    at Object.<anonymous> (/Users/wangmeng/Desktop/somegithub/koa-mongo-server/index.js:2:1)
    at Module._compile (module.js:652:30)
    at Object.Module._extensions..js (module.js:663:10)
    at Module.load (module.js:565:32)
    at tryModuleLoad (module.js:505:12)
    at Function.Module._load (module.js:497:3)
    at Function.Module.runMain (module.js:693:10)
pid: 4296
Host: biubiubiu.local
URL: 
Data: ''
2018-11-21 15:51:11.481

2018-11-21 15:52:00.024 nodejs.ErrorException: Error: error
    at Object.<anonymous> (/Users/wangmeng/Desktop/somegithub/koa-mongo-server/bin/app.js:48:14)
    at Module._compile (module.js:652:30)
    at loader (/Users/wangmeng/Desktop/somegithub/koa-mongo-server/node_modules/babel-register/lib/node.js:144:5)
    at Object.require.extensions.(anonymous function) [as .js] (/Users/wangmeng/Desktop/somegithub/koa-mongo-server/node_modules/babel-register/lib/node.js:154:7)
    at Module.load (module.js:565:32)
    at tryModuleLoad (module.js:505:12)
    at Function.Module._load (module.js:497:3)
    at Module.require (module.js:596:17)
    at require (internal/module.js:11:18)
    at Object.<anonymous> (/Users/wangmeng/Desktop/somegithub/koa-mongo-server/index.js:2:1)
    at Module._compile (module.js:652:30)
    at Object.Module._extensions..js (module.js:663:10)
    at Module.load (module.js:565:32)
    at tryModuleLoad (module.js:505:12)
    at Function.Module._load (module.js:497:3)
    at Function.Module.runMain (module.js:693:10)
pid: 4302
Host: biubiubiu.local
URL: 
Data: ''
2018-11-21 15:52:00.024

2018-11-21 15:52:08.594 nodejs.ErrorException: Error: error
    at Object.<anonymous> (/Users/wangmeng/Desktop/somegithub/koa-mongo-server/bin/app.js:48:14)
    at Module._compile (module.js:652:30)
    at loader (/Users/wangmeng/Desktop/somegithub/koa-mongo-server/node_modules/babel-register/lib/node.js:144:5)
    at Object.require.extensions.(anonymous function) [as .js] (/Users/wangmeng/Desktop/somegithub/koa-mongo-server/node_modules/babel-register/lib/node.js:154:7)
    at Module.load (module.js:565:32)
    at tryModuleLoad (module.js:505:12)
    at Function.Module._load (module.js:497:3)
    at Module.require (module.js:596:17)
    at require (internal/module.js:11:18)
    at Object.<anonymous> (/Users/wangmeng/Desktop/somegithub/koa-mongo-server/index.js:2:1)
    at Module._compile (module.js:652:30)
    at Object.Module._extensions..js (module.js:663:10)
    at Module.load (module.js:565:32)
    at tryModuleLoad (module.js:505:12)
    at Function.Module._load (module.js:497:3)
    at Function.Module.runMain (module.js:693:10)
pid: 4304
Host: biubiubiu.local
URL: 
Data: ''
2018-11-21 15:52:08.594

2018-11-21 15:52:40.718 nodejs.ErrorException: Error: error
    at Object.<anonymous> (/Users/wangmeng/Desktop/somegithub/koa-mongo-server/bin/app.js:48:14)
    at Module._compile (module.js:652:30)
    at loader (/Users/wangmeng/Desktop/somegithub/koa-mongo-server/node_modules/babel-register/lib/node.js:144:5)
    at Object.require.extensions.(anonymous function) [as .js] (/Users/wangmeng/Desktop/somegithub/koa-mongo-server/node_modules/babel-register/lib/node.js:154:7)
    at Module.load (module.js:565:32)
    at tryModuleLoad (module.js:505:12)
    at Function.Module._load (module.js:497:3)
    at Module.require (module.js:596:17)
    at require (internal/module.js:11:18)
    at Object.<anonymous> (/Users/wangmeng/Desktop/somegithub/koa-mongo-server/index.js:2:1)
    at Module._compile (module.js:652:30)
    at Object.Module._extensions..js (module.js:663:10)
    at Module.load (module.js:565:32)
    at tryModuleLoad (module.js:505:12)
    at Function.Module._load (module.js:497:3)
    at Function.Module.runMain (module.js:693:10)
pid: 4306
Host: biubiubiu.local
URL: 
Data: ''
2018-11-21 15:52:40.718

2018-11-21 15:52:47.758 nodejs.ErrorException: Error: error
    at Object.<anonymous> (/Users/wangmeng/Desktop/somegithub/koa-mongo-server/bin/app.js:48:14)
    at Module._compile (module.js:652:30)
    at loader (/Users/wangmeng/Desktop/somegithub/koa-mongo-server/node_modules/babel-register/lib/node.js:144:5)
    at Object.require.extensions.(anonymous function) [as .js] (/Users/wangmeng/Desktop/somegithub/koa-mongo-server/node_modules/babel-register/lib/node.js:154:7)
    at Module.load (module.js:565:32)
    at tryModuleLoad (module.js:505:12)
    at Function.Module._load (module.js:497:3)
    at Module.require (module.js:596:17)
    at require (internal/module.js:11:18)
    at Object.<anonymous> (/Users/wangmeng/Desktop/somegithub/koa-mongo-server/index.js:2:1)
    at Module._compile (module.js:652:30)
    at Object.Module._extensions..js (module.js:663:10)
    at Module.load (module.js:565:32)
    at tryModuleLoad (module.js:505:12)
    at Function.Module._load (module.js:497:3)
    at Function.Module.runMain (module.js:693:10)
pid: 4309
Host: biubiubiu.local
URL: 
Data: ''
2018-11-21 15:52:47.758

2018-11-21 15:54:53.297 nodejs.ErrorException: Error: error
    at Object.<anonymous> (/Users/wangmeng/Desktop/somegithub/koa-mongo-server/bin/app.js:48:14)
    at Module._compile (module.js:652:30)
    at loader (/Users/wangmeng/Desktop/somegithub/koa-mongo-server/node_modules/babel-register/lib/node.js:144:5)
    at Object.require.extensions.(anonymous function) [as .js] (/Users/wangmeng/Desktop/somegithub/koa-mongo-server/node_modules/babel-register/lib/node.js:154:7)
    at Module.load (module.js:565:32)
    at tryModuleLoad (module.js:505:12)
    at Function.Module._load (module.js:497:3)
    at Module.require (module.js:596:17)
    at require (internal/module.js:11:18)
    at Object.<anonymous> (/Users/wangmeng/Desktop/somegithub/koa-mongo-server/index.js:2:1)
    at Module._compile (module.js:652:30)
    at Object.Module._extensions..js (module.js:663:10)
    at Module.load (module.js:565:32)
    at tryModuleLoad (module.js:505:12)
    at Function.Module._load (module.js:497:3)
    at Function.Module.runMain (module.js:693:10)
pid: 4318
Host: biubiubiu.local
URL: 
Data: ''
2018-11-21 15:54:53.297

2018-11-21 15:55:17.257 nodejs.ErrorException: Error: error
    at Object.<anonymous> (/Users/wangmeng/Desktop/somegithub/koa-mongo-server/bin/app.js:48:14)
    at Module._compile (module.js:652:30)
    at loader (/Users/wangmeng/Desktop/somegithub/koa-mongo-server/node_modules/babel-register/lib/node.js:144:5)
    at Object.require.extensions.(anonymous function) [as .js] (/Users/wangmeng/Desktop/somegithub/koa-mongo-server/node_modules/babel-register/lib/node.js:154:7)
    at Module.load (module.js:565:32)
    at tryModuleLoad (module.js:505:12)
    at Function.Module._load (module.js:497:3)
    at Module.require (module.js:596:17)
    at require (internal/module.js:11:18)
    at Object.<anonymous> (/Users/wangmeng/Desktop/somegithub/koa-mongo-server/index.js:2:1)
    at Module._compile (module.js:652:30)
    at Object.Module._extensions..js (module.js:663:10)
    at Module.load (module.js:565:32)
    at tryModuleLoad (module.js:505:12)
    at Function.Module._load (module.js:497:3)
    at Function.Module.runMain (module.js:693:10)
pid: 4322
Host: biubiubiu.local
URL: 
Data: ''
2018-11-21 15:55:17.257

2018-11-21 15:55:59.262 nodejs.ErrorException: Error: error
    at Object.<anonymous> (/Users/wangmeng/Desktop/somegithub/koa-mongo-server/bin/app.js:48:14)
    at Module._compile (module.js:652:30)
    at loader (/Users/wangmeng/Desktop/somegithub/koa-mongo-server/node_modules/babel-register/lib/node.js:144:5)
    at Object.require.extensions.(anonymous function) [as .js] (/Users/wangmeng/Desktop/somegithub/koa-mongo-server/node_modules/babel-register/lib/node.js:154:7)
    at Module.load (module.js:565:32)
    at tryModuleLoad (module.js:505:12)
    at Function.Module._load (module.js:497:3)
    at Module.require (module.js:596:17)
    at require (internal/module.js:11:18)
    at Object.<anonymous> (/Users/wangmeng/Desktop/somegithub/koa-mongo-server/index.js:2:1)
    at Module._compile (module.js:652:30)
    at Object.Module._extensions..js (module.js:663:10)
    at Module.load (module.js:565:32)
    at tryModuleLoad (module.js:505:12)
    at Function.Module._load (module.js:497:3)
    at Function.Module.runMain (module.js:693:10)
pid: 4325
Host: biubiubiu.local
URL: 
Data: ''
2018-11-21 15:55:59.262

2018-11-21 15:56:08.272 nodejs.ErrorException: Error: error
    at Object.<anonymous> (/Users/wangmeng/Desktop/somegithub/koa-mongo-server/bin/app.js:48:14)
    at Module._compile (module.js:652:30)
    at loader (/Users/wangmeng/Desktop/somegithub/koa-mongo-server/node_modules/babel-register/lib/node.js:144:5)
    at Object.require.extensions.(anonymous function) [as .js] (/Users/wangmeng/Desktop/somegithub/koa-mongo-server/node_modules/babel-register/lib/node.js:154:7)
    at Module.load (module.js:565:32)
    at tryModuleLoad (module.js:505:12)
    at Function.Module._load (module.js:497:3)
    at Module.require (module.js:596:17)
    at require (internal/module.js:11:18)
    at Object.<anonymous> (/Users/wangmeng/Desktop/somegithub/koa-mongo-server/index.js:2:1)
    at Module._compile (module.js:652:30)
    at Object.Module._extensions..js (module.js:663:10)
    at Module.load (module.js:565:32)
    at tryModuleLoad (module.js:505:12)
    at Function.Module._load (module.js:497:3)
    at Function.Module.runMain (module.js:693:10)
pid: 4327
Host: biubiubiu.local
URL: 
Data: ''
2018-11-21 15:56:08.272

2018-11-21 16:22:14.324 nodejs.ErrorException: Error: error
    at Object.<anonymous> (/Users/wangmeng/Desktop/somegithub/koa-mongo-server/bin/app.js:48:14)
    at Module._compile (module.js:652:30)
    at loader (/Users/wangmeng/Desktop/somegithub/koa-mongo-server/node_modules/babel-register/lib/node.js:144:5)
    at Object.require.extensions.(anonymous function) [as .js] (/Users/wangmeng/Desktop/somegithub/koa-mongo-server/node_modules/babel-register/lib/node.js:154:7)
    at Module.load (module.js:565:32)
    at tryModuleLoad (module.js:505:12)
    at Function.Module._load (module.js:497:3)
    at Module.require (module.js:596:17)
    at require (internal/module.js:11:18)
    at Object.<anonymous> (/Users/wangmeng/Desktop/somegithub/koa-mongo-server/index.js:2:1)
    at Module._compile (module.js:652:30)
    at Object.Module._extensions..js (module.js:663:10)
    at Module.load (module.js:565:32)
    at tryModuleLoad (module.js:505:12)
    at Function.Module._load (module.js:497:3)
    at Function.Module.runMain (module.js:693:10)
pid: 4430
Host: biubiubiu.local
URL: 
Data: ''
2018-11-21 16:22:14.324

2018-11-21 16:22:22.886 nodejs.ErrorException: Error: error
    at Object.<anonymous> (/Users/wangmeng/Desktop/somegithub/koa-mongo-server/bin/app.js:48:14)
    at Module._compile (module.js:652:30)
    at loader (/Users/wangmeng/Desktop/somegithub/koa-mongo-server/node_modules/babel-register/lib/node.js:144:5)
    at Object.require.extensions.(anonymous function) [as .js] (/Users/wangmeng/Desktop/somegithub/koa-mongo-server/node_modules/babel-register/lib/node.js:154:7)
    at Module.load (module.js:565:32)
    at tryModuleLoad (module.js:505:12)
    at Function.Module._load (module.js:497:3)
    at Module.require (module.js:596:17)
    at require (internal/module.js:11:18)
    at Object.<anonymous> (/Users/wangmeng/Desktop/somegithub/koa-mongo-server/index.js:2:1)
    at Module._compile (module.js:652:30)
    at Object.Module._extensions..js (module.js:663:10)
    at Module.load (module.js:565:32)
    at tryModuleLoad (module.js:505:12)
    at Function.Module._load (module.js:497:3)
    at Function.Module.runMain (module.js:693:10)
pid: 4434
Host: biubiubiu.local
URL: 
Data: ''
2018-11-21 16:22:22.886

2018-11-21 16:23:20.013 nodejs.ErrorException: Error: error
    at Object.<anonymous> (/Users/wangmeng/Desktop/somegithub/koa-mongo-server/bin/app.js:48:14)
    at Module._compile (module.js:652:30)
    at loader (/Users/wangmeng/Desktop/somegithub/koa-mongo-server/node_modules/babel-register/lib/node.js:144:5)
    at Object.require.extensions.(anonymous function) [as .js] (/Users/wangmeng/Desktop/somegithub/koa-mongo-server/node_modules/babel-register/lib/node.js:154:7)
    at Module.load (module.js:565:32)
    at tryModuleLoad (module.js:505:12)
    at Function.Module._load (module.js:497:3)
    at Module.require (module.js:596:17)
    at require (internal/module.js:11:18)
    at Object.<anonymous> (/Users/wangmeng/Desktop/somegithub/koa-mongo-server/index.js:2:1)
    at Module._compile (module.js:652:30)
    at Object.Module._extensions..js (module.js:663:10)
    at Module.load (module.js:565:32)
    at tryModuleLoad (module.js:505:12)
    at Function.Module._load (module.js:497:3)
    at Function.Module.runMain (module.js:693:10)
pid: 4436
Host: biubiubiu.local
URL: 
Data: ''
2018-11-21 16:23:20.013

2018-11-21 16:23:32.114 nodejs.ErrorException: Error: error
    at Object.<anonymous> (/Users/wangmeng/Desktop/somegithub/koa-mongo-server/bin/app.js:48:14)
    at Module._compile (module.js:652:30)
    at loader (/Users/wangmeng/Desktop/somegithub/koa-mongo-server/node_modules/babel-register/lib/node.js:144:5)
    at Object.require.extensions.(anonymous function) [as .js] (/Users/wangmeng/Desktop/somegithub/koa-mongo-server/node_modules/babel-register/lib/node.js:154:7)
    at Module.load (module.js:565:32)
    at tryModuleLoad (module.js:505:12)
    at Function.Module._load (module.js:497:3)
    at Module.require (module.js:596:17)
    at require (internal/module.js:11:18)
    at Object.<anonymous> (/Users/wangmeng/Desktop/somegithub/koa-mongo-server/index.js:2:1)
    at Module._compile (module.js:652:30)
    at Object.Module._extensions..js (module.js:663:10)
    at Module.load (module.js:565:32)
    at tryModuleLoad (module.js:505:12)
    at Function.Module._load (module.js:497:3)
    at Function.Module.runMain (module.js:693:10)
pid: 4438
Host: biubiubiu.local
URL: 
Data: ''
2018-11-21 16:23:32.114

2018-11-21 16:29:58.052 nodejs.ErrorException: Error: error
    at Object.<anonymous> (/Users/wangmeng/Desktop/somegithub/koa-mongo-server/bin/app.js:48:14)
    at Module._compile (module.js:652:30)
    at loader (/Users/wangmeng/Desktop/somegithub/koa-mongo-server/node_modules/babel-register/lib/node.js:144:5)
    at Object.require.extensions.(anonymous function) [as .js] (/Users/wangmeng/Desktop/somegithub/koa-mongo-server/node_modules/babel-register/lib/node.js:154:7)
    at Module.load (module.js:565:32)
    at tryModuleLoad (module.js:505:12)
    at Function.Module._load (module.js:497:3)
    at Module.require (module.js:596:17)
    at require (internal/module.js:11:18)
    at Object.<anonymous> (/Users/wangmeng/Desktop/somegithub/koa-mongo-server/index.js:2:1)
    at Module._compile (module.js:652:30)
    at Object.Module._extensions..js (module.js:663:10)
    at Module.load (module.js:565:32)
    at tryModuleLoad (module.js:505:12)
    at Function.Module._load (module.js:497:3)
    at Function.Module.runMain (module.js:693:10)
pid: 4451
Host: biubiubiu.local
URL: 
Data: ''
2018-11-21 16:29:58.052

2018-11-21 16:30:45.197 nodejs.ErrorException: Error: error
    at Object.<anonymous> (/Users/wangmeng/Desktop/somegithub/koa-mongo-server/bin/app.js:48:14)
    at Module._compile (module.js:652:30)
    at loader (/Users/wangmeng/Desktop/somegithub/koa-mongo-server/node_modules/babel-register/lib/node.js:144:5)
    at Object.require.extensions.(anonymous function) [as .js] (/Users/wangmeng/Desktop/somegithub/koa-mongo-server/node_modules/babel-register/lib/node.js:154:7)
    at Module.load (module.js:565:32)
    at tryModuleLoad (module.js:505:12)
    at Function.Module._load (module.js:497:3)
    at Module.require (module.js:596:17)
    at require (internal/module.js:11:18)
    at Object.<anonymous> (/Users/wangmeng/Desktop/somegithub/koa-mongo-server/index.js:2:1)
    at Module._compile (module.js:652:30)
    at Object.Module._extensions..js (module.js:663:10)
    at Module.load (module.js:565:32)
    at tryModuleLoad (module.js:505:12)
    at Function.Module._load (module.js:497:3)
    at Function.Module.runMain (module.js:693:10)
pid: 4454
Host: biubiubiu.local
URL: 
Data: ''
2018-11-21 16:30:45.197

2018-11-21 16:44:45.423 nodejs.ErrorException: Error: error
    at Object.<anonymous> (/Users/wangmeng/Desktop/somegithub/koa-mongo-server/bin/app.js:48:14)
    at Module._compile (module.js:652:30)
    at loader (/Users/wangmeng/Desktop/somegithub/koa-mongo-server/node_modules/babel-register/lib/node.js:144:5)
    at Object.require.extensions.(anonymous function) [as .js] (/Users/wangmeng/Desktop/somegithub/koa-mongo-server/node_modules/babel-register/lib/node.js:154:7)
    at Module.load (module.js:565:32)
    at tryModuleLoad (module.js:505:12)
    at Function.Module._load (module.js:497:3)
    at Module.require (module.js:596:17)
    at require (internal/module.js:11:18)
    at Object.<anonymous> (/Users/wangmeng/Desktop/somegithub/koa-mongo-server/index.js:2:1)
    at Module._compile (module.js:652:30)
    at Object.Module._extensions..js (module.js:663:10)
    at Module.load (module.js:565:32)
    at tryModuleLoad (module.js:505:12)
    at Function.Module._load (module.js:497:3)
    at Function.Module.runMain (module.js:693:10)
pid: 4542
Host: biubiubiu.local
URL: 
Data: ''
2018-11-21 16:44:45.423

2018-11-21 16:50:46.296 nodejs.ErrorException: Error: error
    at Object.<anonymous> (/Users/wangmeng/Desktop/somegithub/koa-mongo-server/bin/app.js:48:14)
    at Module._compile (module.js:652:30)
    at loader (/Users/wangmeng/Desktop/somegithub/koa-mongo-server/node_modules/babel-register/lib/node.js:144:5)
    at Object.require.extensions.(anonymous function) [as .js] (/Users/wangmeng/Desktop/somegithub/koa-mongo-server/node_modules/babel-register/lib/node.js:154:7)
    at Module.load (module.js:565:32)
    at tryModuleLoad (module.js:505:12)
    at Function.Module._load (module.js:497:3)
    at Module.require (module.js:596:17)
    at require (internal/module.js:11:18)
    at Object.<anonymous> (/Users/wangmeng/Desktop/somegithub/koa-mongo-server/index.js:2:1)
    at Module._compile (module.js:652:30)
    at Object.Module._extensions..js (module.js:663:10)
    at Module.load (module.js:565:32)
    at tryModuleLoad (module.js:505:12)
    at Function.Module._load (module.js:497:3)
    at Function.Module.runMain (module.js:693:10)
pid: 4571
Host: biubiubiu.local
URL: 
Data: ''
2018-11-21 16:50:46.296

2018-11-21 17:04:14.187 nodejs.ErrorException: Error: error
    at Object.<anonymous> (/Users/wangmeng/Desktop/somegithub/koa-mongo-server/bin/app.js:48:14)
    at Module._compile (module.js:652:30)
    at loader (/Users/wangmeng/Desktop/somegithub/koa-mongo-server/node_modules/babel-register/lib/node.js:144:5)
    at Object.require.extensions.(anonymous function) [as .js] (/Users/wangmeng/Desktop/somegithub/koa-mongo-server/node_modules/babel-register/lib/node.js:154:7)
    at Module.load (module.js:565:32)
    at tryModuleLoad (module.js:505:12)
    at Function.Module._load (module.js:497:3)
    at Module.require (module.js:596:17)
    at require (internal/module.js:11:18)
    at Object.<anonymous> (/Users/wangmeng/Desktop/somegithub/koa-mongo-server/index.js:2:1)
    at Module._compile (module.js:652:30)
    at Object.Module._extensions..js (module.js:663:10)
    at Module.load (module.js:565:32)
    at tryModuleLoad (module.js:505:12)
    at Function.Module._load (module.js:497:3)
    at Function.Module.runMain (module.js:693:10)
pid: 4670
Host: biubiubiu.local
URL: 
Data: ''
2018-11-21 17:04:14.187

2018-11-21 17:04:54.268 nodejs.ErrorException: Error: error
    at Object.<anonymous> (/Users/wangmeng/Desktop/somegithub/koa-mongo-server/bin/app.js:48:14)
    at Module._compile (module.js:652:30)
    at loader (/Users/wangmeng/Desktop/somegithub/koa-mongo-server/node_modules/babel-register/lib/node.js:144:5)
    at Object.require.extensions.(anonymous function) [as .js] (/Users/wangmeng/Desktop/somegithub/koa-mongo-server/node_modules/babel-register/lib/node.js:154:7)
    at Module.load (module.js:565:32)
    at tryModuleLoad (module.js:505:12)
    at Function.Module._load (module.js:497:3)
    at Module.require (module.js:596:17)
    at require (internal/module.js:11:18)
    at Object.<anonymous> (/Users/wangmeng/Desktop/somegithub/koa-mongo-server/index.js:2:1)
    at Module._compile (module.js:652:30)
    at Object.Module._extensions..js (module.js:663:10)
    at Module.load (module.js:565:32)
    at tryModuleLoad (module.js:505:12)
    at Function.Module._load (module.js:497:3)
    at Function.Module.runMain (module.js:693:10)
pid: 4672
Host: biubiubiu.local
URL: 
Data: ''
2018-11-21 17:04:54.268

2018-11-21 17:06:03.430 nodejs.ErrorException: Error: error
    at Object.<anonymous> (/Users/wangmeng/Desktop/somegithub/koa-mongo-server/bin/app.js:48:14)
    at Module._compile (module.js:652:30)
    at loader (/Users/wangmeng/Desktop/somegithub/koa-mongo-server/node_modules/babel-register/lib/node.js:144:5)
    at Object.require.extensions.(anonymous function) [as .js] (/Users/wangmeng/Desktop/somegithub/koa-mongo-server/node_modules/babel-register/lib/node.js:154:7)
    at Module.load (module.js:565:32)
    at tryModuleLoad (module.js:505:12)
    at Function.Module._load (module.js:497:3)
    at Module.require (module.js:596:17)
    at require (internal/module.js:11:18)
    at Object.<anonymous> (/Users/wangmeng/Desktop/somegithub/koa-mongo-server/index.js:2:1)
    at Module._compile (module.js:652:30)
    at Object.Module._extensions..js (module.js:663:10)
    at Module.load (module.js:565:32)
    at tryModuleLoad (module.js:505:12)
    at Function.Module._load (module.js:497:3)
    at Function.Module.runMain (module.js:693:10)
pid: 4676
Host: biubiubiu.local
URL: 
Data: ''
2018-11-21 17:06:03.430

2018-11-21 17:08:21.797 nodejs.ErrorException: Error: error
    at Object.<anonymous> (/Users/wangmeng/Desktop/somegithub/koa-mongo-server/bin/app.js:48:14)
    at Module._compile (module.js:652:30)
    at loader (/Users/wangmeng/Desktop/somegithub/koa-mongo-server/node_modules/babel-register/lib/node.js:144:5)
    at Object.require.extensions.(anonymous function) [as .js] (/Users/wangmeng/Desktop/somegithub/koa-mongo-server/node_modules/babel-register/lib/node.js:154:7)
    at Module.load (module.js:565:32)
    at tryModuleLoad (module.js:505:12)
    at Function.Module._load (module.js:497:3)
    at Module.require (module.js:596:17)
    at require (internal/module.js:11:18)
    at Object.<anonymous> (/Users/wangmeng/Desktop/somegithub/koa-mongo-server/index.js:2:1)
    at Module._compile (module.js:652:30)
    at Object.Module._extensions..js (module.js:663:10)
    at Module.load (module.js:565:32)
    at tryModuleLoad (module.js:505:12)
    at Function.Module._load (module.js:497:3)
    at Function.Module.runMain (module.js:693:10)
pid: 4682
Host: biubiubiu.local
URL: 
Data: ''
2018-11-21 17:08:21.797

2018-11-21 17:22:51.791 nodejs.ErrorException: Error: error
    at Object.<anonymous> (/Users/wangmeng/Desktop/somegithub/koa-mongo-server/bin/app.js:48:14)
    at Module._compile (module.js:652:30)
    at loader (/Users/wangmeng/Desktop/somegithub/koa-mongo-server/node_modules/babel-register/lib/node.js:144:5)
    at Object.require.extensions.(anonymous function) [as .js] (/Users/wangmeng/Desktop/somegithub/koa-mongo-server/node_modules/babel-register/lib/node.js:154:7)
    at Module.load (module.js:565:32)
    at tryModuleLoad (module.js:505:12)
    at Function.Module._load (module.js:497:3)
    at Module.require (module.js:596:17)
    at require (internal/module.js:11:18)
    at Object.<anonymous> (/Users/wangmeng/Desktop/somegithub/koa-mongo-server/index.js:2:1)
    at Module._compile (module.js:652:30)
    at Object.Module._extensions..js (module.js:663:10)
    at Module.load (module.js:565:32)
    at tryModuleLoad (module.js:505:12)
    at Function.Module._load (module.js:497:3)
    at Function.Module.runMain (module.js:693:10)
pid: 4817
Host: biubiubiu.local
URL: 
Data: ''
2018-11-21 17:22:51.791

2018-11-21 17:24:32.107 nodejs.ErrorException: Error: error
    at Object.<anonymous> (/Users/wangmeng/Desktop/somegithub/koa-mongo-server/bin/app.js:48:14)
    at Module._compile (module.js:652:30)
    at loader (/Users/wangmeng/Desktop/somegithub/koa-mongo-server/node_modules/babel-register/lib/node.js:144:5)
    at Object.require.extensions.(anonymous function) [as .js] (/Users/wangmeng/Desktop/somegithub/koa-mongo-server/node_modules/babel-register/lib/node.js:154:7)
    at Module.load (module.js:565:32)
    at tryModuleLoad (module.js:505:12)
    at Function.Module._load (module.js:497:3)
    at Module.require (module.js:596:17)
    at require (internal/module.js:11:18)
    at Object.<anonymous> (/Users/wangmeng/Desktop/somegithub/koa-mongo-server/index.js:2:1)
    at Module._compile (module.js:652:30)
    at Object.Module._extensions..js (module.js:663:10)
    at Module.load (module.js:565:32)
    at tryModuleLoad (module.js:505:12)
    at Function.Module._load (module.js:497:3)
    at Function.Module.runMain (module.js:693:10)
pid: 4823
Host: biubiubiu.local
URL: 
Data: ''
2018-11-21 17:24:32.107

2018-11-21 17:25:34.261 nodejs.ErrorException: Error: error
    at Object.<anonymous> (/Users/wangmeng/Desktop/somegithub/koa-mongo-server/bin/app.js:48:14)
    at Module._compile (module.js:652:30)
    at loader (/Users/wangmeng/Desktop/somegithub/koa-mongo-server/node_modules/babel-register/lib/node.js:144:5)
    at Object.require.extensions.(anonymous function) [as .js] (/Users/wangmeng/Desktop/somegithub/koa-mongo-server/node_modules/babel-register/lib/node.js:154:7)
    at Module.load (module.js:565:32)
    at tryModuleLoad (module.js:505:12)
    at Function.Module._load (module.js:497:3)
    at Module.require (module.js:596:17)
    at require (internal/module.js:11:18)
    at Object.<anonymous> (/Users/wangmeng/Desktop/somegithub/koa-mongo-server/index.js:2:1)
    at Module._compile (module.js:652:30)
    at Object.Module._extensions..js (module.js:663:10)
    at Module.load (module.js:565:32)
    at tryModuleLoad (module.js:505:12)
    at Function.Module._load (module.js:497:3)
    at Function.Module.runMain (module.js:693:10)
pid: 4827
Host: biubiubiu.local
URL: 
Data: ''
2018-11-21 17:25:34.261

2018-11-21 17:27:44.485 nodejs.ErrorException: Error: error
    at Object.<anonymous> (/Users/wangmeng/Desktop/somegithub/koa-mongo-server/bin/app.js:48:14)
    at Module._compile (module.js:652:30)
    at loader (/Users/wangmeng/Desktop/somegithub/koa-mongo-server/node_modules/babel-register/lib/node.js:144:5)
    at Object.require.extensions.(anonymous function) [as .js] (/Users/wangmeng/Desktop/somegithub/koa-mongo-server/node_modules/babel-register/lib/node.js:154:7)
    at Module.load (module.js:565:32)
    at tryModuleLoad (module.js:505:12)
    at Function.Module._load (module.js:497:3)
    at Module.require (module.js:596:17)
    at require (internal/module.js:11:18)
    at Object.<anonymous> (/Users/wangmeng/Desktop/somegithub/koa-mongo-server/index.js:2:1)
    at Module._compile (module.js:652:30)
    at Object.Module._extensions..js (module.js:663:10)
    at Module.load (module.js:565:32)
    at tryModuleLoad (module.js:505:12)
    at Function.Module._load (module.js:497:3)
    at Function.Module.runMain (module.js:693:10)
pid: 4834
Host: biubiubiu.local
URL: 
Data: ''
2018-11-21 17:27:44.485

2018-11-21 17:27:56.622 nodejs.ErrorException: Error: error
    at Object.<anonymous> (/Users/wangmeng/Desktop/somegithub/koa-mongo-server/bin/app.js:48:14)
    at Module._compile (module.js:652:30)
    at loader (/Users/wangmeng/Desktop/somegithub/koa-mongo-server/node_modules/babel-register/lib/node.js:144:5)
    at Object.require.extensions.(anonymous function) [as .js] (/Users/wangmeng/Desktop/somegithub/koa-mongo-server/node_modules/babel-register/lib/node.js:154:7)
    at Module.load (module.js:565:32)
    at tryModuleLoad (module.js:505:12)
    at Function.Module._load (module.js:497:3)
    at Module.require (module.js:596:17)
    at require (internal/module.js:11:18)
    at Object.<anonymous> (/Users/wangmeng/Desktop/somegithub/koa-mongo-server/index.js:2:1)
    at Module._compile (module.js:652:30)
    at Object.Module._extensions..js (module.js:663:10)
    at Module.load (module.js:565:32)
    at tryModuleLoad (module.js:505:12)
    at Function.Module._load (module.js:497:3)
    at Function.Module.runMain (module.js:693:10)
pid: 4837
Host: biubiubiu.local
URL: 
Data: ''
2018-11-21 17:27:56.622

2018-11-21 17:28:31.667 nodejs.ErrorException: Error: error
    at Object.<anonymous> (/Users/wangmeng/Desktop/somegithub/koa-mongo-server/bin/app.js:48:14)
    at Module._compile (module.js:652:30)
    at loader (/Users/wangmeng/Desktop/somegithub/koa-mongo-server/node_modules/babel-register/lib/node.js:144:5)
    at Object.require.extensions.(anonymous function) [as .js] (/Users/wangmeng/Desktop/somegithub/koa-mongo-server/node_modules/babel-register/lib/node.js:154:7)
    at Module.load (module.js:565:32)
    at tryModuleLoad (module.js:505:12)
    at Function.Module._load (module.js:497:3)
    at Module.require (module.js:596:17)
    at require (internal/module.js:11:18)
    at Object.<anonymous> (/Users/wangmeng/Desktop/somegithub/koa-mongo-server/index.js:2:1)
    at Module._compile (module.js:652:30)
    at Object.Module._extensions..js (module.js:663:10)
    at Module.load (module.js:565:32)
    at tryModuleLoad (module.js:505:12)
    at Function.Module._load (module.js:497:3)
    at Function.Module.runMain (module.js:693:10)
pid: 4840
Host: biubiubiu.local
URL: 
Data: ''
2018-11-21 17:28:31.667

2018-11-21 17:28:42.710 nodejs.ErrorException: Error: error
    at Object.<anonymous> (/Users/wangmeng/Desktop/somegithub/koa-mongo-server/bin/app.js:48:14)
    at Module._compile (module.js:652:30)
    at loader (/Users/wangmeng/Desktop/somegithub/koa-mongo-server/node_modules/babel-register/lib/node.js:144:5)
    at Object.require.extensions.(anonymous function) [as .js] (/Users/wangmeng/Desktop/somegithub/koa-mongo-server/node_modules/babel-register/lib/node.js:154:7)
    at Module.load (module.js:565:32)
    at tryModuleLoad (module.js:505:12)
    at Function.Module._load (module.js:497:3)
    at Module.require (module.js:596:17)
    at require (internal/module.js:11:18)
    at Object.<anonymous> (/Users/wangmeng/Desktop/somegithub/koa-mongo-server/index.js:2:1)
    at Module._compile (module.js:652:30)
    at Object.Module._extensions..js (module.js:663:10)
    at Module.load (module.js:565:32)
    at tryModuleLoad (module.js:505:12)
    at Function.Module._load (module.js:497:3)
    at Function.Module.runMain (module.js:693:10)
pid: 4842
Host: biubiubiu.local
URL: 
Data: ''
2018-11-21 17:28:42.710

2018-11-21 17:28:50.807 nodejs.ErrorException: Error: error
    at Object.<anonymous> (/Users/wangmeng/Desktop/somegithub/koa-mongo-server/bin/app.js:48:14)
    at Module._compile (module.js:652:30)
    at loader (/Users/wangmeng/Desktop/somegithub/koa-mongo-server/node_modules/babel-register/lib/node.js:144:5)
    at Object.require.extensions.(anonymous function) [as .js] (/Users/wangmeng/Desktop/somegithub/koa-mongo-server/node_modules/babel-register/lib/node.js:154:7)
    at Module.load (module.js:565:32)
    at tryModuleLoad (module.js:505:12)
    at Function.Module._load (module.js:497:3)
    at Module.require (module.js:596:17)
    at require (internal/module.js:11:18)
    at Object.<anonymous> (/Users/wangmeng/Desktop/somegithub/koa-mongo-server/index.js:2:1)
    at Module._compile (module.js:652:30)
    at Object.Module._extensions..js (module.js:663:10)
    at Module.load (module.js:565:32)
    at tryModuleLoad (module.js:505:12)
    at Function.Module._load (module.js:497:3)
    at Function.Module.runMain (module.js:693:10)
pid: 4844
Host: biubiubiu.local
URL: 
Data: ''
2018-11-21 17:28:50.807

2018-11-21 17:38:08.183 nodejs.ErrorException: Error: error
    at Object.<anonymous> (/Users/wangmeng/Desktop/somegithub/koa-mongo-server/bin/app.js:48:14)
    at Module._compile (module.js:652:30)
    at loader (/Users/wangmeng/Desktop/somegithub/koa-mongo-server/node_modules/babel-register/lib/node.js:144:5)
    at Object.require.extensions.(anonymous function) [as .js] (/Users/wangmeng/Desktop/somegithub/koa-mongo-server/node_modules/babel-register/lib/node.js:154:7)
    at Module.load (module.js:565:32)
    at tryModuleLoad (module.js:505:12)
    at Function.Module._load (module.js:497:3)
    at Module.require (module.js:596:17)
    at require (internal/module.js:11:18)
    at Object.<anonymous> (/Users/wangmeng/Desktop/somegithub/koa-mongo-server/index.js:2:1)
    at Module._compile (module.js:652:30)
    at Object.Module._extensions..js (module.js:663:10)
    at Module.load (module.js:565:32)
    at tryModuleLoad (module.js:505:12)
    at Function.Module._load (module.js:497:3)
    at Function.Module.runMain (module.js:693:10)
pid: 4873
Host: biubiubiu.local
URL: 
Data: ''
2018-11-21 17:38:08.183

2018-11-21 17:39:07.510 nodejs.ErrorException: Error: error
    at Object.<anonymous> (/Users/wangmeng/Desktop/somegithub/koa-mongo-server/bin/app.js:48:14)
    at Module._compile (module.js:652:30)
    at loader (/Users/wangmeng/Desktop/somegithub/koa-mongo-server/node_modules/babel-register/lib/node.js:144:5)
    at Object.require.extensions.(anonymous function) [as .js] (/Users/wangmeng/Desktop/somegithub/koa-mongo-server/node_modules/babel-register/lib/node.js:154:7)
    at Module.load (module.js:565:32)
    at tryModuleLoad (module.js:505:12)
    at Function.Module._load (module.js:497:3)
    at Module.require (module.js:596:17)
    at require (internal/module.js:11:18)
    at Object.<anonymous> (/Users/wangmeng/Desktop/somegithub/koa-mongo-server/index.js:2:1)
    at Module._compile (module.js:652:30)
    at Object.Module._extensions..js (module.js:663:10)
    at Module.load (module.js:565:32)
    at tryModuleLoad (module.js:505:12)
    at Function.Module._load (module.js:497:3)
    at Function.Module.runMain (module.js:693:10)
pid: 4875
Host: biubiubiu.local
URL: 
Data: ''
2018-11-21 17:39:07.510

2018-11-21 18:30:13.185 nodejs.ErrorException: Error: error
    at Object.<anonymous> (/Users/wangmeng/Desktop/somegithub/koa-mongo-server/bin/app.js:48:14)
    at Module._compile (module.js:652:30)
    at loader (/Users/wangmeng/Desktop/somegithub/koa-mongo-server/node_modules/babel-register/lib/node.js:144:5)
    at Object.require.extensions.(anonymous function) [as .js] (/Users/wangmeng/Desktop/somegithub/koa-mongo-server/node_modules/babel-register/lib/node.js:154:7)
    at Module.load (module.js:565:32)
    at tryModuleLoad (module.js:505:12)
    at Function.Module._load (module.js:497:3)
    at Module.require (module.js:596:17)
    at require (internal/module.js:11:18)
    at Object.<anonymous> (/Users/wangmeng/Desktop/somegithub/koa-mongo-server/index.js:2:1)
    at Module._compile (module.js:652:30)
    at Object.Module._extensions..js (module.js:663:10)
    at Module.load (module.js:565:32)
    at tryModuleLoad (module.js:505:12)
    at Function.Module._load (module.js:497:3)
    at Function.Module.runMain (module.js:693:10)
pid: 4990
Host: biubiubiu.local
URL: 
Data: ''
2018-11-21 18:30:13.185

2018-11-21 18:49:36.755 nodejs.ErrorException: Error: error
    at Object.<anonymous> (/Users/wangmeng/Desktop/somegithub/koa-mongo-server/bin/app.js:48:14)
    at Module._compile (module.js:652:30)
    at loader (/Users/wangmeng/Desktop/somegithub/koa-mongo-server/node_modules/babel-register/lib/node.js:144:5)
    at Object.require.extensions.(anonymous function) [as .js] (/Users/wangmeng/Desktop/somegithub/koa-mongo-server/node_modules/babel-register/lib/node.js:154:7)
    at Module.load (module.js:565:32)
    at tryModuleLoad (module.js:505:12)
    at Function.Module._load (module.js:497:3)
    at Module.require (module.js:596:17)
    at require (internal/module.js:11:18)
    at Object.<anonymous> (/Users/wangmeng/Desktop/somegithub/koa-mongo-server/index.js:2:1)
    at Module._compile (module.js:652:30)
    at Object.Module._extensions..js (module.js:663:10)
    at Module.load (module.js:565:32)
    at tryModuleLoad (module.js:505:12)
    at Function.Module._load (module.js:497:3)
    at Function.Module.runMain (module.js:693:10)
pid: 5016
Host: biubiubiu.local
URL: 
Data: ''
2018-11-21 18:49:36.755

